build/app/intermediates/manifest_merge_blame_file/release/manifest-merger-blame-release-report.txt
1<?xml version="1.0" encoding="utf-8"?>
2<manifest xmlns:android="http://schemas.android.com/apk/res/android"
3    package="com.example.testtting"
4    android:versionCode="1"
5    android:versionName="1.0.0" >
6
7    <uses-sdk
8        android:minSdkVersion="26"
8-->src\main\AndroidManifest.xml
9        android:targetSdkVersion="33" />
9-->src\main\AndroidManifest.xml
10
11    <uses-permission android:name="android.permission.READ_EXTERNAL_STORAGE" />
11-->src\main\AndroidManifest.xml:3:5-80
11-->src\main\AndroidManifest.xml:3:22-77
12    <uses-permission android:name="android.permission.WRITE_EXTERNAL_STORAGE" />
12-->src\main\AndroidManifest.xml:4:5-81
12-->src\main\AndroidManifest.xml:4:22-78
13    <uses-permission android:name="android.permission.CAMERA" />
13-->src\main\AndroidManifest.xml:5:5-65
13-->src\main\AndroidManifest.xml:5:22-62
14
15    <uses-feature android:name="android.hardware.camera" />
15-->src\main\AndroidManifest.xml:6:5-60
15-->src\main\AndroidManifest.xml:6:19-57
16    <uses-feature android:name="android.hardware.camera.autofocus" />
16-->src\main\AndroidManifest.xml:7:5-70
16-->src\main\AndroidManifest.xml:7:19-67
17
18    <uses-permission android:name="android.permission.RECORD_AUDIO" />
18-->[:camera_android] AndroidManifest.xml:10:5-71
18-->[:camera_android] AndroidManifest.xml:10:22-68
19    <uses-permission android:name="android.permission.INTERNET" />
19-->[:google_sign_in_android] AndroidManifest.xml:9:5-67
19-->[:google_sign_in_android] AndroidManifest.xml:9:22-64
20
21    <queries>
21-->[com.facebook.android:facebook-common:16.0.1] AndroidManifest.xml:17:5-19:15
22        <package android:name="com.facebook.katana" />
22-->[com.facebook.android:facebook-common:16.0.1] AndroidManifest.xml:18:9-55
22-->[com.facebook.android:facebook-common:16.0.1] AndroidManifest.xml:18:18-52
23    </queries>
24
25    <uses-permission android:name="com.google.android.gms.permission.AD_ID" />
25-->[com.facebook.android:facebook-core:16.0.1] AndroidManifest.xml:16:5-79
25-->[com.facebook.android:facebook-core:16.0.1] AndroidManifest.xml:16:22-76
26
27    <permission
27-->[androidx.core:core:1.10.1] AndroidManifest.xml:22:5-24:47
28        android:name="com.example.testtting.DYNAMIC_RECEIVER_NOT_EXPORTED_PERMISSION"
28-->[androidx.core:core:1.10.1] AndroidManifest.xml:23:9-81
29        android:protectionLevel="signature" />
29-->[androidx.core:core:1.10.1] AndroidManifest.xml:24:9-44
30
31    <uses-permission android:name="com.example.testtting.DYNAMIC_RECEIVER_NOT_EXPORTED_PERMISSION" />
31-->[androidx.core:core:1.10.1] AndroidManifest.xml:26:5-97
31-->[androidx.core:core:1.10.1] AndroidManifest.xml:26:22-94
32    <uses-permission android:name="com.google.android.finsky.permission.BIND_GET_INSTALL_REFERRER_SERVICE" />
32-->[com.android.installreferrer:installreferrer:1.0] AndroidManifest.xml:9:5-110
32-->[com.android.installreferrer:installreferrer:1.0] AndroidManifest.xml:9:22-107
33
34    <application
35        android:name="android.app.Application"
35-->src\main\AndroidManifest.xml:11:9-42
36        android:appComponentFactory="androidx.core.app.CoreComponentFactory"
36-->[androidx.core:core:1.10.1] AndroidManifest.xml:28:18-86
37        android:extractNativeLibs="false"
38        android:icon="@mipmap/ic_launcher"
38-->src\main\AndroidManifest.xml:12:9-43
39        android:label="JustAgg"
39-->src\main\AndroidManifest.xml:10:9-32
40        android:supportsRtl="true" >
40-->[com.facebook.android:facebook-login:16.0.1] AndroidManifest.xml:16:18-44
41        <activity
41-->src\main\AndroidManifest.xml:13:9-33:20
42            android:name="com.example.testtting.MainActivity"
42-->src\main\AndroidManifest.xml:14:13-41
43            android:configChanges="orientation|keyboardHidden|keyboard|screenSize|smallestScreenSize|locale|layoutDirection|fontScale|screenLayout|density|uiMode"
43-->src\main\AndroidManifest.xml:18:13-163
44            android:exported="true"
44-->src\main\AndroidManifest.xml:15:13-36
45            android:hardwareAccelerated="true"
45-->src\main\AndroidManifest.xml:19:13-47
46            android:launchMode="singleTop"
46-->src\main\AndroidManifest.xml:16:13-43
47            android:theme="@style/LaunchTheme"
47-->src\main\AndroidManifest.xml:17:13-47
48            android:windowSoftInputMode="adjustResize" >
48-->src\main\AndroidManifest.xml:20:13-55
49
50            <!--
51                 Specifies an Android theme to apply to this Activity as soon as
52                 the Android process has started. This theme is visible to the user
53                 while the Flutter UI initializes. After that, this theme continues
54                 to determine the Window background behind the Flutter UI.
55            -->
56            <meta-data
56-->src\main\AndroidManifest.xml:25:13-28:19
57                android:name="io.flutter.embedding.android.NormalTheme"
57-->src\main\AndroidManifest.xml:26:17-72
58                android:resource="@style/NormalTheme" />
58-->src\main\AndroidManifest.xml:27:17-54
59
60            <intent-filter>
60-->src\main\AndroidManifest.xml:29:13-32:29
61                <action android:name="android.intent.action.MAIN" />
61-->src\main\AndroidManifest.xml:30:17-68
61-->src\main\AndroidManifest.xml:30:25-66
62
63                <category android:name="android.intent.category.LAUNCHER" />
63-->src\main\AndroidManifest.xml:31:17-76
63-->src\main\AndroidManifest.xml:31:27-74
64            </intent-filter>
65        </activity>
66        <!--
67             Don't delete the meta-data below.
68             This is used by the Flutter tool to generate GeneratedPluginRegistrant.java
69        -->
70        <meta-data
70-->src\main\AndroidManifest.xml:36:9-38:33
71            android:name="flutterEmbedding"
71-->src\main\AndroidManifest.xml:37:13-44
72            android:value="2" />
72-->src\main\AndroidManifest.xml:38:13-30
73
74        <provider
74-->[:image_picker_android] AndroidManifest.xml:10:9-18:20
75            android:name="io.flutter.plugins.imagepicker.ImagePickerFileProvider"
75-->[:image_picker_android] AndroidManifest.xml:11:13-82
76            android:authorities="com.example.testtting.flutter.image_provider"
76-->[:image_picker_android] AndroidManifest.xml:12:13-74
77            android:exported="false"
77-->[:image_picker_android] AndroidManifest.xml:13:13-37
78            android:grantUriPermissions="true" >
78-->[:image_picker_android] AndroidManifest.xml:14:13-47
79            <meta-data
79-->[:image_picker_android] AndroidManifest.xml:15:13-17:75
80                android:name="android.support.FILE_PROVIDER_PATHS"
80-->[:image_picker_android] AndroidManifest.xml:16:17-67
81                android:resource="@xml/flutter_image_picker_file_paths" />
81-->[:image_picker_android] AndroidManifest.xml:17:17-72
82        </provider>
83        <!--
84           Declares a provider which allows us to store files to share in
85           '.../caches/share_plus' and grant the receiving action access
86        -->
87        <provider
87-->[:share_plus] AndroidManifest.xml:15:9-23:20
88            android:name="dev.fluttercommunity.plus.share.ShareFileProvider"
88-->[:share_plus] AndroidManifest.xml:16:13-77
89            android:authorities="com.example.testtting.flutter.share_provider"
89-->[:share_plus] AndroidManifest.xml:17:13-74
90            android:exported="false"
90-->[:share_plus] AndroidManifest.xml:18:13-37
91            android:grantUriPermissions="true" >
91-->[:share_plus] AndroidManifest.xml:19:13-47
92            <meta-data
92-->[:image_picker_android] AndroidManifest.xml:15:13-17:75
93                android:name="android.support.FILE_PROVIDER_PATHS"
93-->[:image_picker_android] AndroidManifest.xml:16:17-67
94                android:resource="@xml/flutter_share_file_paths" />
94-->[:image_picker_android] AndroidManifest.xml:17:17-72
95        </provider>
96        <!--
97           This manifest declared broadcast receiver allows us to use an explicit
98           Intent when creating a PendingItent to be informed of the user's choice
99        -->
100        <receiver
100-->[:share_plus] AndroidManifest.xml:28:9-34:20
101            android:name="dev.fluttercommunity.plus.share.SharePlusPendingIntent"
101-->[:share_plus] AndroidManifest.xml:29:13-82
102            android:exported="false" >
102-->[:share_plus] AndroidManifest.xml:30:13-37
103            <intent-filter>
103-->[:share_plus] AndroidManifest.xml:31:13-33:29
104                <action android:name="EXTRA_CHOSEN_COMPONENT" />
104-->[:share_plus] AndroidManifest.xml:32:17-65
104-->[:share_plus] AndroidManifest.xml:32:25-62
105            </intent-filter>
106        </receiver>
107
108        <activity
108-->[:url_launcher_android] AndroidManifest.xml:10:9-13:74
109            android:name="io.flutter.plugins.urllauncher.WebViewActivity"
109-->[:url_launcher_android] AndroidManifest.xml:11:13-74
110            android:exported="false"
110-->[:url_launcher_android] AndroidManifest.xml:12:13-37
111            android:theme="@android:style/Theme.NoTitleBar.Fullscreen" />
111-->[:url_launcher_android] AndroidManifest.xml:13:13-71
112        <activity
112-->[com.facebook.android:facebook-common:16.0.1] AndroidManifest.xml:22:9-25:66
113            android:name="com.facebook.FacebookActivity"
113-->[com.facebook.android:facebook-common:16.0.1] AndroidManifest.xml:23:13-57
114            android:configChanges="keyboard|keyboardHidden|screenLayout|screenSize|orientation"
114-->[com.facebook.android:facebook-common:16.0.1] AndroidManifest.xml:24:13-96
115            android:theme="@style/com_facebook_activity_theme" />
115-->[com.facebook.android:facebook-common:16.0.1] AndroidManifest.xml:25:13-63
116        <activity android:name="com.facebook.CustomTabMainActivity" />
116-->[com.facebook.android:facebook-common:16.0.1] AndroidManifest.xml:26:9-71
116-->[com.facebook.android:facebook-common:16.0.1] AndroidManifest.xml:26:19-68
117        <activity
117-->[com.facebook.android:facebook-common:16.0.1] AndroidManifest.xml:27:9-41:20
118            android:name="com.facebook.CustomTabActivity"
118-->[com.facebook.android:facebook-common:16.0.1] AndroidManifest.xml:28:13-58
119            android:exported="true" >
119-->[com.facebook.android:facebook-common:16.0.1] AndroidManifest.xml:29:13-36
120            <intent-filter>
120-->[com.facebook.android:facebook-common:16.0.1] AndroidManifest.xml:31:13-40:29
121                <action android:name="android.intent.action.VIEW" />
121-->[com.facebook.android:facebook-common:16.0.1] AndroidManifest.xml:32:17-69
121-->[com.facebook.android:facebook-common:16.0.1] AndroidManifest.xml:32:25-66
122
123                <category android:name="android.intent.category.DEFAULT" />
123-->[com.facebook.android:facebook-common:16.0.1] AndroidManifest.xml:34:17-76
123-->[com.facebook.android:facebook-common:16.0.1] AndroidManifest.xml:34:27-73
124                <category android:name="android.intent.category.BROWSABLE" />
124-->[com.facebook.android:facebook-common:16.0.1] AndroidManifest.xml:35:17-78
124-->[com.facebook.android:facebook-common:16.0.1] AndroidManifest.xml:35:27-75
125
126                <data
126-->[com.facebook.android:facebook-common:16.0.1] AndroidManifest.xml:37:17-39:50
127                    android:host="cct.com.example.testtting"
127-->[com.facebook.android:facebook-common:16.0.1] AndroidManifest.xml:38:21-56
128                    android:scheme="fbconnect" />
128-->[com.facebook.android:facebook-common:16.0.1] AndroidManifest.xml:39:21-47
129            </intent-filter>
130        </activity>
131        <activity
131-->[com.google.android.gms:play-services-auth:20.6.0] AndroidManifest.xml:23:9-27:75
132            android:name="com.google.android.gms.auth.api.signin.internal.SignInHubActivity"
132-->[com.google.android.gms:play-services-auth:20.6.0] AndroidManifest.xml:24:13-93
133            android:excludeFromRecents="true"
133-->[com.google.android.gms:play-services-auth:20.6.0] AndroidManifest.xml:25:13-46
134            android:exported="false"
134-->[com.google.android.gms:play-services-auth:20.6.0] AndroidManifest.xml:26:13-37
135            android:theme="@android:style/Theme.Translucent.NoTitleBar" />
135-->[com.google.android.gms:play-services-auth:20.6.0] AndroidManifest.xml:27:13-72
136        <!--
137            Service handling Google Sign-In user revocation. For apps that do not integrate with
138            Google Sign-In, this service will never be started.
139        -->
140        <service
140-->[com.google.android.gms:play-services-auth:20.6.0] AndroidManifest.xml:33:9-37:51
141            android:name="com.google.android.gms.auth.api.signin.RevocationBoundService"
141-->[com.google.android.gms:play-services-auth:20.6.0] AndroidManifest.xml:34:13-89
142            android:exported="true"
142-->[com.google.android.gms:play-services-auth:20.6.0] AndroidManifest.xml:35:13-36
143            android:permission="com.google.android.gms.auth.api.signin.permission.REVOCATION_NOTIFICATION"
143-->[com.google.android.gms:play-services-auth:20.6.0] AndroidManifest.xml:36:13-107
144            android:visibleToInstantApps="true" />
144-->[com.google.android.gms:play-services-auth:20.6.0] AndroidManifest.xml:37:13-48
145
146        <activity
146-->[com.google.android.gms:play-services-base:18.0.1] AndroidManifest.xml:20:9-22:45
147            android:name="com.google.android.gms.common.api.GoogleApiActivity"
147-->[com.google.android.gms:play-services-base:18.0.1] AndroidManifest.xml:20:19-85
148            android:exported="false"
148-->[com.google.android.gms:play-services-base:18.0.1] AndroidManifest.xml:22:19-43
149            android:theme="@android:style/Theme.Translucent.NoTitleBar" />
149-->[com.google.android.gms:play-services-base:18.0.1] AndroidManifest.xml:21:19-78
150
151        <meta-data
151-->[com.google.android.gms:play-services-basement:18.2.0] AndroidManifest.xml:21:9-23:69
152            android:name="com.google.android.gms.version"
152-->[com.google.android.gms:play-services-basement:18.2.0] AndroidManifest.xml:22:13-58
153            android:value="@integer/google_play_services_version" />
153-->[com.google.android.gms:play-services-basement:18.2.0] AndroidManifest.xml:23:13-66
154        <!--
155         The initialization ContentProvider will call FacebookSdk.sdkInitialize automatically
156         with the application context. This config is merged in with the host app's manifest,
157         but there can only be one provider with the same authority activated at any given
158         point; so if the end user has two or more different apps that use Facebook SDK, only the
159         first one will be able to use the provider. To work around this problem, we use the
160         following placeholder in the authority to identify each host application as if it was
161         a completely different provider.
162        -->
163        <provider
163-->[com.facebook.android:facebook-core:16.0.1] AndroidManifest.xml:29:9-32:40
164            android:name="com.facebook.internal.FacebookInitProvider"
164-->[com.facebook.android:facebook-core:16.0.1] AndroidManifest.xml:30:13-70
165            android:authorities="com.example.testtting.FacebookInitProvider"
165-->[com.facebook.android:facebook-core:16.0.1] AndroidManifest.xml:31:13-72
166            android:exported="false" />
166-->[com.facebook.android:facebook-core:16.0.1] AndroidManifest.xml:32:13-37
167
168        <receiver
168-->[com.facebook.android:facebook-core:16.0.1] AndroidManifest.xml:34:9-40:20
169            android:name="com.facebook.CurrentAccessTokenExpirationBroadcastReceiver"
169-->[com.facebook.android:facebook-core:16.0.1] AndroidManifest.xml:35:13-86
170            android:exported="false" >
170-->[com.facebook.android:facebook-core:16.0.1] AndroidManifest.xml:36:13-37
171            <intent-filter>
171-->[com.facebook.android:facebook-core:16.0.1] AndroidManifest.xml:37:13-39:29
172                <action android:name="com.facebook.sdk.ACTION_CURRENT_ACCESS_TOKEN_CHANGED" />
172-->[com.facebook.android:facebook-core:16.0.1] AndroidManifest.xml:38:17-95
172-->[com.facebook.android:facebook-core:16.0.1] AndroidManifest.xml:38:25-92
173            </intent-filter>
174        </receiver>
175        <receiver
175-->[com.facebook.android:facebook-core:16.0.1] AndroidManifest.xml:41:9-47:20
176            android:name="com.facebook.AuthenticationTokenManager$CurrentAuthenticationTokenChangedBroadcastReceiver"
176-->[com.facebook.android:facebook-core:16.0.1] AndroidManifest.xml:42:13-118
177            android:exported="false" >
177-->[com.facebook.android:facebook-core:16.0.1] AndroidManifest.xml:43:13-37
178            <intent-filter>
178-->[com.facebook.android:facebook-core:16.0.1] AndroidManifest.xml:44:13-46:29
179                <action android:name="com.facebook.sdk.ACTION_CURRENT_AUTHENTICATION_TOKEN_CHANGED" />
179-->[com.facebook.android:facebook-core:16.0.1] AndroidManifest.xml:45:17-103
179-->[com.facebook.android:facebook-core:16.0.1] AndroidManifest.xml:45:25-100
180            </intent-filter>
181        </receiver>
182
183        <uses-library
183-->[androidx.window:window:1.0.0-beta04] AndroidManifest.xml:25:9-27:40
184            android:name="androidx.window.extensions"
184-->[androidx.window:window:1.0.0-beta04] AndroidManifest.xml:26:13-54
185            android:required="false" />
185-->[androidx.window:window:1.0.0-beta04] AndroidManifest.xml:27:13-37
186        <uses-library
186-->[androidx.window:window:1.0.0-beta04] AndroidManifest.xml:28:9-30:40
187            android:name="androidx.window.sidecar"
187-->[androidx.window:window:1.0.0-beta04] AndroidManifest.xml:29:13-51
188            android:required="false" />
188-->[androidx.window:window:1.0.0-beta04] AndroidManifest.xml:30:13-37
189
190        <provider
190-->[androidx.profileinstaller:profileinstaller:1.3.0] AndroidManifest.xml:24:9-32:20
191            android:name="androidx.startup.InitializationProvider"
191-->[androidx.profileinstaller:profileinstaller:1.3.0] AndroidManifest.xml:25:13-67
192            android:authorities="com.example.testtting.androidx-startup"
192-->[androidx.profileinstaller:profileinstaller:1.3.0] AndroidManifest.xml:26:13-68
193            android:exported="false" >
193-->[androidx.profileinstaller:profileinstaller:1.3.0] AndroidManifest.xml:27:13-37
194            <meta-data
194-->[androidx.profileinstaller:profileinstaller:1.3.0] AndroidManifest.xml:29:13-31:52
195                android:name="androidx.profileinstaller.ProfileInstallerInitializer"
195-->[androidx.profileinstaller:profileinstaller:1.3.0] AndroidManifest.xml:30:17-85
196                android:value="androidx.startup" />
196-->[androidx.profileinstaller:profileinstaller:1.3.0] AndroidManifest.xml:31:17-49
197        </provider>
198
199        <receiver
199-->[androidx.profileinstaller:profileinstaller:1.3.0] AndroidManifest.xml:34:9-52:20
200            android:name="androidx.profileinstaller.ProfileInstallReceiver"
200-->[androidx.profileinstaller:profileinstaller:1.3.0] AndroidManifest.xml:35:13-76
201            android:directBootAware="false"
201-->[androidx.profileinstaller:profileinstaller:1.3.0] AndroidManifest.xml:36:13-44
202            android:enabled="true"
202-->[androidx.profileinstaller:profileinstaller:1.3.0] AndroidManifest.xml:37:13-35
203            android:exported="true"
203-->[androidx.profileinstaller:profileinstaller:1.3.0] AndroidManifest.xml:38:13-36
204            android:permission="android.permission.DUMP" >
204-->[androidx.profileinstaller:profileinstaller:1.3.0] AndroidManifest.xml:39:13-57
205            <intent-filter>
205-->[androidx.profileinstaller:profileinstaller:1.3.0] AndroidManifest.xml:40:13-42:29
206                <action android:name="androidx.profileinstaller.action.INSTALL_PROFILE" />
206-->[androidx.profileinstaller:profileinstaller:1.3.0] AndroidManifest.xml:41:17-91
206-->[androidx.profileinstaller:profileinstaller:1.3.0] AndroidManifest.xml:41:25-88
207            </intent-filter>
208            <intent-filter>
208-->[androidx.profileinstaller:profileinstaller:1.3.0] AndroidManifest.xml:43:13-45:29
209                <action android:name="androidx.profileinstaller.action.SKIP_FILE" />
209-->[androidx.profileinstaller:profileinstaller:1.3.0] AndroidManifest.xml:44:17-85
209-->[androidx.profileinstaller:profileinstaller:1.3.0] AndroidManifest.xml:44:25-82
210            </intent-filter>
211            <intent-filter>
211-->[androidx.profileinstaller:profileinstaller:1.3.0] AndroidManifest.xml:46:13-48:29
212                <action android:name="androidx.profileinstaller.action.SAVE_PROFILE" />
212-->[androidx.profileinstaller:profileinstaller:1.3.0] AndroidManifest.xml:47:17-88
212-->[androidx.profileinstaller:profileinstaller:1.3.0] AndroidManifest.xml:47:25-85
213            </intent-filter>
214            <intent-filter>
214-->[androidx.profileinstaller:profileinstaller:1.3.0] AndroidManifest.xml:49:13-51:29
215                <action android:name="androidx.profileinstaller.action.BENCHMARK_OPERATION" />
215-->[androidx.profileinstaller:profileinstaller:1.3.0] AndroidManifest.xml:50:17-95
215-->[androidx.profileinstaller:profileinstaller:1.3.0] AndroidManifest.xml:50:25-92
216            </intent-filter>
217        </receiver>
218    </application>
219
220</manifest>